<?xml version="1.0" encoding="UTF-8"?>
<!-- Generated by org.testng.reporters.JUnitReportReporter -->
<testsuite skipped="0" hostname="Babu" name="TestNG.PrintBExample" tests="1" failures="0" timestamp="05 Aug 2018 07:14:35 GMT" time="0.000" errors="0">
  <testcase name="addB" time="0.000" classname="TestNG.PrintBExample"/>
</testsuite> <!-- TestNG.PrintBExample -->
