<?xml version="1.0" encoding="UTF-8"?>
<!-- Generated by org.testng.reporters.JUnitReportReporter -->
<testsuite skipped="1" hostname="Babu" name="TestNG.PrintAExample" tests="2" failures="0" timestamp="05 Aug 2018 07:14:35 GMT" time="0.019" errors="0">
  <testcase name="addA" time="0.019" classname="TestNG.PrintAExample"/>
  <testcase name="deleteA" classname="TestNG.PrintAExample">
    <skipped/>
  </testcase> <!-- deleteA -->
</testsuite> <!-- TestNG.PrintAExample -->
